<?xml version="1.0" encoding="UTF-8"?>
<!-- Generated by org.testng.reporters.JUnitReportReporter -->
<testsuite hostname="Ashish-Gupta" failures="0" tests="1" name="MavenJenkins.TwoTest" time="0.001" errors="0" timestamp="2024-03-21T00:07:36 IST" skipped="0">
  <testcase classname="MavenJenkins.TwoTest" name="mTwo" time="0.001"/>
</testsuite> <!-- MavenJenkins.TwoTest -->
