<?xml version="1.0" encoding="UTF-8"?>
<!-- Generated by org.testng.reporters.JUnitReportReporter -->
<testsuite hostname="Ashish-Gupta" failures="0" tests="1" name="MavenJenkins.FourTest" time="0.003" errors="0" timestamp="2024-03-21T00:09:45 IST" skipped="0">
  <testcase classname="MavenJenkins.FourTest" name="mFour" time="0.003"/>
</testsuite> <!-- MavenJenkins.FourTest -->
