<?xml version="1.0" encoding="UTF-8"?>
<!-- Generated by org.testng.reporters.JUnitReportReporter -->
<testsuite hostname="Ashish-Gupta" failures="0" tests="1" name="MavenJenkins.OneTest" time="5.951" errors="0" timestamp="2024-03-21T00:07:36 IST" skipped="0">
  <testcase classname="MavenJenkins.OneTest" name="mOne" time="5.951"/>
</testsuite> <!-- MavenJenkins.OneTest -->
